# JRE version: OpenJDK Runtime Environment Temurin-17.0.4.1+1 (17.0.4.1+1) (build 17.0.4.1+1)
# Java VM: OpenJDK 64-Bit Server VM Temurin-17.0.4.1+1 (17.0.4.1+1, mixed mode, emulated-client, tiered, compressed oops, compressed class ptrs, g1 gc, windows-amd64)
GC Precious Log:
 CPUs: 4 total, 4 available
 Memory: 16296M
 Large Page Support: Disabled
 NUMA Support: Disabled
 Compressed Oops: Enabled (Zero based)
 Heap Region Size: 2M
 Heap Min Capacity: 8M
 Heap Initial Capacity: 256M
 Heap Max Capacity: 4076M
 Pre-touch: Disabled
 Parallel Workers: 4
 Concurrent Workers: 1
 Concurrent Refinement Workers: 4
 Periodic GC: Disabled
Heap:
 garbage-first heap   total 90112K, used 53619K [0x0000000701400000, 0x0000000800000000)
  region size 2048K, 10 young (20480K), 1 survivors (2048K)
 Metaspace       used 67948K, committed 68928K, reserved 1114112K
  class space    used 8740K, committed 9216K, reserved 1048576K
GC Heap History (20 events):
Event: 4973.099 GC heap after
{Heap after GC invocations=66 (full 7):
 garbage-first heap   total 90112K, used 25273K [0x0000000701400000, 0x0000000800000000)
  region size 2048K, 0 young (0K), 0 survivors (0K)
 Metaspace       used 67017K, committed 68544K, reserved 1114112K
  class space    used 8609K, committed 9216K, reserved 1048576K
}
Event: 4973.522 GC heap before
{Heap before GC invocations=66 (full 7):
 garbage-first heap   total 90112K, used 72377K [0x0000000701400000, 0x0000000800000000)
  region size 2048K, 24 young (49152K), 0 survivors (0K)
 Metaspace       used 67280K, committed 68544K, reserved 1114112K
  class space    used 8646K, committed 9216K, reserved 1048576K
}
Event: 4973.527 GC heap after
{Heap after GC invocations=67 (full 7):
 garbage-first heap   total 90112K, used 29447K [0x0000000701400000, 0x0000000800000000)
  region size 2048K, 3 young (6144K), 3 survivors (6144K)
 Metaspace       used 67280K, committed 68544K, reserved 1114112K
  class space    used 8646K, committed 9216K, reserved 1048576K
}
Event: 4973.572 GC heap before
{Heap before GC invocations=67 (full 7):
 garbage-first heap   total 90112K, used 66311K [0x0000000701400000, 0x0000000800000000)
  region size 2048K, 22 young (45056K), 3 survivors (6144K)
 Metaspace       used 67357K, committed 68544K, reserved 1114112K
  class space    used 8654K, committed 9216K, reserved 1048576K
}
Event: 4973.576 GC heap after
{Heap after GC invocations=68 (full 7):
 garbage-first heap   total 90112K, used 30196K [0x0000000701400000, 0x0000000800000000)
  region size 2048K, 1 young (2048K), 1 survivors (2048K)
 Metaspace       used 67357K, committed 68544K, reserved 1114112K
  class space    used 8654K, committed 9216K, reserved 1048576K
}
Event: 4987.937 GC heap before
{Heap before GC invocations=68 (full 7):
 garbage-first heap   total 90112K, used 58868K [0x0000000701400000, 0x0000000800000000)
  region size 2048K, 16 young (32768K), 1 survivors (2048K)
 Metaspace       used 67555K, committed 68608K, reserved 1114112K
  class space    used 8687K, committed 9216K, reserved 1048576K
}
Event: 4987.989 GC heap after
{Heap after GC invocations=69 (full 8):
 garbage-first heap   total 90112K, used 27710K [0x0000000701400000, 0x0000000800000000)
  region size 2048K, 0 young (0K), 0 survivors (0K)
 Metaspace       used 67450K, committed 68608K, reserved 1114112K
  class space    used 8668K, committed 9216K, reserved 1048576K
}
Event: 4988.394 GC heap before
{Heap before GC invocations=69 (full 8):
 garbage-first heap   total 90112K, used 70718K [0x0000000701400000, 0x0000000800000000)
  region size 2048K, 22 young (45056K), 0 survivors (0K)
 Metaspace       used 67667K, committed 68672K, reserved 1114112K
  class space    used 8698K, committed 9216K, reserved 1048576K
}
Event: 4988.397 GC heap after
{Heap after GC invocations=70 (full 8):
 garbage-first heap   total 90112K, used 30903K [0x0000000701400000, 0x0000000800000000)
  region size 2048K, 2 young (4096K), 2 survivors (4096K)
 Metaspace       used 67667K, committed 68672K, reserved 1114112K
  class space    used 8698K, committed 9216K, reserved 1048576K
}
Event: 4988.432 GC heap before
{Heap before GC invocations=70 (full 8):
 garbage-first heap   total 90112K, used 67767K [0x0000000701400000, 0x0000000800000000)
  region size 2048K, 21 young (43008K), 2 survivors (4096K)
 Metaspace       used 67704K, committed 68736K, reserved 1114112K
  class space    used 8703K, committed 9216K, reserved 1048576K
}
Event: 4988.435 GC heap after
{Heap after GC invocations=71 (full 8):
 garbage-first heap   total 90112K, used 31423K [0x0000000701400000, 0x0000000800000000)
  region size 2048K, 1 young (2048K), 1 survivors (2048K)
 Metaspace       used 67704K, committed 68736K, reserved 1114112K
  class space    used 8703K, committed 9216K, reserved 1048576K
}
Event: 5022.672 GC heap before
{Heap before GC invocations=71 (full 8):
 garbage-first heap   total 90112K, used 70335K [0x0000000701400000, 0x0000000800000000)
  region size 2048K, 20 young (40960K), 1 survivors (2048K)
 Metaspace       used 67890K, committed 68928K, reserved 1114112K
  class space    used 8730K, committed 9216K, reserved 1048576K
}
Event: 5022.676 GC heap after
{Heap after GC invocations=72 (full 8):
 garbage-first heap   total 90112K, used 35034K [0x0000000701400000, 0x0000000800000000)
  region size 2048K, 3 young (6144K), 3 survivors (6144K)
 Metaspace       used 67890K, committed 68928K, reserved 1114112K
  class space    used 8730K, committed 9216K, reserved 1048576K
}
Event: 5200.715 GC heap before
{Heap before GC invocations=72 (full 8):
 garbage-first heap   total 90112K, used 67802K [0x0000000701400000, 0x0000000800000000)
  region size 2048K, 19 young (38912K), 3 survivors (6144K)
 Metaspace       used 67890K, committed 68928K, reserved 1114112K
  class space    used 8730K, committed 9216K, reserved 1048576K
}
Event: 5200.722 GC heap after
{Heap after GC invocations=73 (full 8):
 garbage-first heap   total 90112K, used 35447K [0x0000000701400000, 0x0000000800000000)
  region size 2048K, 1 young (2048K), 1 survivors (2048K)
 Metaspace       used 67890K, committed 68928K, reserved 1114112K
  class space    used 8730K, committed 9216K, reserved 1048576K
}
Event: 5348.723 GC heap before
{Heap before GC invocations=73 (full 8):
 garbage-first heap   total 90112K, used 68215K [0x0000000701400000, 0x0000000800000000)
  region size 2048K, 17 young (34816K), 1 survivors (2048K)
 Metaspace       used 67918K, committed 68928K, reserved 1114112K
  class space    used 8735K, committed 9216K, reserved 1048576K
}
Event: 5348.725 GC heap after
{Heap after GC invocations=74 (full 8):
 garbage-first heap   total 90112K, used 35259K [0x0000000701400000, 0x0000000800000000)
  region size 2048K, 1 young (2048K), 1 survivors (2048K)
 Metaspace       used 67918K, committed 68928K, reserved 1114112K
  class space    used 8735K, committed 9216K, reserved 1048576K
}
Event: 5477.152 GC heap before
{Heap before GC invocations=74 (full 8):
 garbage-first heap   total 90112K, used 70075K [0x0000000701400000, 0x0000000800000000)
  region size 2048K, 18 young (36864K), 1 survivors (2048K)
 Metaspace       used 67946K, committed 68928K, reserved 1114112K
  class space    used 8739K, committed 9216K, reserved 1048576K
}
Event: 5477.155 GC heap after
{Heap after GC invocations=75 (full 8):
 garbage-first heap   total 90112K, used 35310K [0x0000000701400000, 0x0000000800000000)
  region size 2048K, 1 young (2048K), 1 survivors (2048K)
 Metaspace       used 67946K, committed 68928K, reserved 1114112K
  class space    used 8739K, committed 9216K, reserved 1048576K
}
Event: 5550.588 GC heap before
{Heap before GC invocations=75 (full 8):
 garbage-first heap   total 90112K, used 51694K [0x0000000701400000, 0x0000000800000000)
  region size 2048K, 10 young (20480K), 1 survivors (2048K)
 Metaspace       used 67948K, committed 68928K, reserved 1114112K
  class space    used 8740K, committed 9216K, reserved 1048576K
}

