# JRE version: OpenJDK Runtime Environment Temurin-17.0.4.1+1 (17.0.4.1+1) (build 17.0.4.1+1)
# Java VM: OpenJDK 64-Bit Server VM Temurin-17.0.4.1+1 (17.0.4.1+1, mixed mode, emulated-client, tiered, compressed oops, compressed class ptrs, g1 gc, windows-amd64)
GC Precious Log:
 CPUs: 4 total, 4 available
 Memory: 16296M
 Large Page Support: Disabled
 NUMA Support: Disabled
 Compressed Oops: Enabled (Zero based)
 Heap Region Size: 2M
 Heap Min Capacity: 8M
 Heap Initial Capacity: 256M
 Heap Max Capacity: 4076M
 Pre-touch: Disabled
 Parallel Workers: 4
 Concurrent Workers: 1
 Concurrent Refinement Workers: 4
 Periodic GC: Disabled
Heap:
 garbage-first heap   total 96256K, used 71508K [0x0000000701400000, 0x0000000800000000)
  region size 2048K, 17 young (34816K), 1 survivors (2048K)
 Metaspace       used 76231K, committed 77952K, reserved 1122304K
  class space    used 9844K, committed 10688K, reserved 1048576K
GC Heap History (20 events):
Event: 7369.074 GC heap after
{Heap after GC invocations=122 (full 25):
 garbage-first heap   total 96256K, used 38302K [0x0000000701400000, 0x0000000800000000)
  region size 2048K, 1 young (2048K), 1 survivors (2048K)
 Metaspace       used 75996K, committed 77632K, reserved 1122304K
  class space    used 9803K, committed 10560K, reserved 1048576K
}
Event: 7597.321 GC heap before
{Heap before GC invocations=122 (full 25):
 garbage-first heap   total 96256K, used 77214K [0x0000000701400000, 0x0000000800000000)
  region size 2048K, 20 young (40960K), 1 survivors (2048K)
 Metaspace       used 75996K, committed 77632K, reserved 1122304K
  class space    used 9803K, committed 10560K, reserved 1048576K
}
Event: 7597.326 GC heap after
{Heap after GC invocations=123 (full 25):
 garbage-first heap   total 96256K, used 38250K [0x0000000701400000, 0x0000000800000000)
  region size 2048K, 1 young (2048K), 1 survivors (2048K)
 Metaspace       used 75996K, committed 77632K, reserved 1122304K
  class space    used 9803K, committed 10560K, reserved 1048576K
}
Event: 7827.707 GC heap before
{Heap before GC invocations=123 (full 25):
 garbage-first heap   total 96256K, used 77162K [0x0000000701400000, 0x0000000800000000)
  region size 2048K, 20 young (40960K), 1 survivors (2048K)
 Metaspace       used 75996K, committed 77632K, reserved 1122304K
  class space    used 9803K, committed 10560K, reserved 1048576K
}
Event: 7827.712 GC heap after
{Heap after GC invocations=124 (full 25):
 garbage-first heap   total 96256K, used 38210K [0x0000000701400000, 0x0000000800000000)
  region size 2048K, 1 young (2048K), 1 survivors (2048K)
 Metaspace       used 75996K, committed 77632K, reserved 1122304K
  class space    used 9803K, committed 10560K, reserved 1048576K
}
Event: 8068.903 GC heap before
{Heap before GC invocations=124 (full 25):
 garbage-first heap   total 96256K, used 79170K [0x0000000701400000, 0x0000000800000000)
  region size 2048K, 21 young (43008K), 1 survivors (2048K)
 Metaspace       used 75996K, committed 77632K, reserved 1122304K
  class space    used 9803K, committed 10560K, reserved 1048576K
}
Event: 8068.905 GC heap after
{Heap after GC invocations=125 (full 25):
 garbage-first heap   total 96256K, used 38191K [0x0000000701400000, 0x0000000800000000)
  region size 2048K, 1 young (2048K), 1 survivors (2048K)
 Metaspace       used 75996K, committed 77632K, reserved 1122304K
  class space    used 9803K, committed 10560K, reserved 1048576K
}
Event: 8290.300 GC heap before
{Heap before GC invocations=125 (full 25):
 garbage-first heap   total 96256K, used 79151K [0x0000000701400000, 0x0000000800000000)
  region size 2048K, 21 young (43008K), 1 survivors (2048K)
 Metaspace       used 76010K, committed 77696K, reserved 1122304K
  class space    used 9805K, committed 10624K, reserved 1048576K
}
Event: 8290.302 GC heap after
{Heap after GC invocations=126 (full 25):
 garbage-first heap   total 96256K, used 38419K [0x0000000701400000, 0x0000000800000000)
  region size 2048K, 1 young (2048K), 1 survivors (2048K)
 Metaspace       used 76010K, committed 77696K, reserved 1122304K
  class space    used 9805K, committed 10624K, reserved 1048576K
}
Event: 8426.420 GC heap before
{Heap before GC invocations=126 (full 25):
 garbage-first heap   total 96256K, used 79379K [0x0000000701400000, 0x0000000800000000)
  region size 2048K, 21 young (43008K), 1 survivors (2048K)
 Metaspace       used 76194K, committed 77824K, reserved 1122304K
  class space    used 9836K, committed 10624K, reserved 1048576K
}
Event: 8426.422 GC heap after
{Heap after GC invocations=127 (full 25):
 garbage-first heap   total 96256K, used 38514K [0x0000000701400000, 0x0000000800000000)
  region size 2048K, 1 young (2048K), 1 survivors (2048K)
 Metaspace       used 76194K, committed 77824K, reserved 1122304K
  class space    used 9836K, committed 10624K, reserved 1048576K
}
Event: 8631.942 GC heap before
{Heap before GC invocations=127 (full 25):
 garbage-first heap   total 96256K, used 79474K [0x0000000701400000, 0x0000000800000000)
  region size 2048K, 21 young (43008K), 1 survivors (2048K)
 Metaspace       used 76194K, committed 77824K, reserved 1122304K
  class space    used 9836K, committed 10624K, reserved 1048576K
}
Event: 8631.944 GC heap after
{Heap after GC invocations=128 (full 25):
 garbage-first heap   total 96256K, used 38672K [0x0000000701400000, 0x0000000800000000)
  region size 2048K, 1 young (2048K), 1 survivors (2048K)
 Metaspace       used 76194K, committed 77824K, reserved 1122304K
  class space    used 9836K, committed 10624K, reserved 1048576K
}
Event: 8748.042 GC heap before
{Heap before GC invocations=128 (full 25):
 garbage-first heap   total 96256K, used 77584K [0x0000000701400000, 0x0000000800000000)
  region size 2048K, 21 young (43008K), 1 survivors (2048K)
 Metaspace       used 76227K, committed 77952K, reserved 1122304K
  class space    used 9843K, committed 10688K, reserved 1048576K
}
Event: 8748.045 GC heap after
{Heap after GC invocations=129 (full 25):
 garbage-first heap   total 96256K, used 38895K [0x0000000701400000, 0x0000000800000000)
  region size 2048K, 1 young (2048K), 1 survivors (2048K)
 Metaspace       used 76227K, committed 77952K, reserved 1122304K
  class space    used 9843K, committed 10688K, reserved 1048576K
}
Event: 8912.100 GC heap before
{Heap before GC invocations=129 (full 25):
 garbage-first heap   total 96256K, used 77807K [0x0000000701400000, 0x0000000800000000)
  region size 2048K, 21 young (43008K), 1 survivors (2048K)
 Metaspace       used 76229K, committed 77952K, reserved 1122304K
  class space    used 9843K, committed 10688K, reserved 1048576K
}
Event: 8912.103 GC heap after
{Heap after GC invocations=130 (full 25):
 garbage-first heap   total 96256K, used 38861K [0x0000000701400000, 0x0000000800000000)
  region size 2048K, 1 young (2048K), 1 survivors (2048K)
 Metaspace       used 76229K, committed 77952K, reserved 1122304K
  class space    used 9843K, committed 10688K, reserved 1048576K
}
Event: 9122.652 GC heap before
{Heap before GC invocations=130 (full 25):
 garbage-first heap   total 96256K, used 79821K [0x0000000701400000, 0x0000000800000000)
  region size 2048K, 21 young (43008K), 1 survivors (2048K)
 Metaspace       used 76229K, committed 77952K, reserved 1122304K
  class space    used 9843K, committed 10688K, reserved 1048576K
}
Event: 9122.655 GC heap after
{Heap after GC invocations=131 (full 25):
 garbage-first heap   total 96256K, used 38828K [0x0000000701400000, 0x0000000800000000)
  region size 2048K, 1 young (2048K), 1 survivors (2048K)
 Metaspace       used 76229K, committed 77952K, reserved 1122304K
  class space    used 9843K, committed 10688K, reserved 1048576K
}
Event: 9309.470 GC heap before
{Heap before GC invocations=131 (full 25):
 garbage-first heap   total 96256K, used 69548K [0x0000000701400000, 0x0000000800000000)
  region size 2048K, 17 young (34816K), 1 survivors (2048K)
 Metaspace       used 76231K, committed 77952K, reserved 1122304K
  class space    used 9844K, committed 10688K, reserved 1048576K
}

